<?xml version="1.0" encoding="UTF-8"?>
<testng-results ignored="0" total="4" passed="3" failed="1" skipped="0">
  <reporter-output>
  </reporter-output>
  <suite started-at="2022-02-11T14:24:02 IST" name="Default suite" finished-at="2022-02-11T14:24:11 IST" duration-ms="8951">
    <groups>
    </groups>
    <test started-at="2022-02-11T14:24:02 IST" name="Default test" finished-at="2022-02-11T14:24:11 IST" duration-ms="8951">
      <class name="FunctionalTesting.APIRequestAutomation">
        <test-method is-config="true" signature="setup1()[pri:0, instance:FunctionalTesting.APIRequestAutomation@57d7f8ca]" started-at="2022-02-11T14:24:02 IST" name="setup1" finished-at="2022-02-11T14:24:02 IST" duration-ms="546" status="PASS">
          <reporter-output>
          </reporter-output>
        </test-method> <!-- setup1 -->
        <test-method is-config="true" signature="setup()[pri:0, instance:FunctionalTesting.APIRequestAutomation@57d7f8ca]" started-at="2022-02-11T14:24:02 IST" name="setup" finished-at="2022-02-11T14:24:04 IST" duration-ms="1378" status="PASS">
          <reporter-output>
          </reporter-output>
        </test-method> <!-- setup -->
        <test-method signature="deltemethodvalidation()[pri:0, instance:FunctionalTesting.APIRequestAutomation@57d7f8ca]" started-at="2022-02-11T14:24:04 IST" name="deltemethodvalidation" finished-at="2022-02-11T14:24:08 IST" duration-ms="4318" status="FAIL">
          <exception class="java.lang.AssertionError">
            <message>
              <![CDATA[expected [true] but found [false]]]>
            </message>
            <full-stacktrace>
              <![CDATA[java.lang.AssertionError: expected [true] but found [false]
at org.testng.Assert.fail(Assert.java:99)
at org.testng.Assert.failNotEquals(Assert.java:1037)
at org.testng.Assert.assertTrue(Assert.java:45)
at org.testng.Assert.assertTrue(Assert.java:55)
at apiverification.APIVerification.responseBodyValiddation(APIVerification.java:33)
at FunctionalTesting.APIRequestAutomation.deltemethodvalidation(APIRequestAutomation.java:148)
at java.base/jdk.internal.reflect.NativeMethodAccessorImpl.invoke0(Native Method)
at java.base/jdk.internal.reflect.NativeMethodAccessorImpl.invoke(NativeMethodAccessorImpl.java:78)
at java.base/jdk.internal.reflect.DelegatingMethodAccessorImpl.invoke(DelegatingMethodAccessorImpl.java:43)
at java.base/java.lang.reflect.Method.invoke(Method.java:567)
at org.testng.internal.MethodInvocationHelper.invokeMethod(MethodInvocationHelper.java:133)
at org.testng.internal.TestInvoker.invokeMethod(TestInvoker.java:598)
at org.testng.internal.TestInvoker.invokeTestMethod(TestInvoker.java:173)
at org.testng.internal.MethodRunner.runInSequence(MethodRunner.java:46)
at org.testng.internal.TestInvoker$MethodInvocationAgent.invoke(TestInvoker.java:824)
at org.testng.internal.TestInvoker.invokeTestMethods(TestInvoker.java:146)
at org.testng.internal.TestMethodWorker.invokeTestMethods(TestMethodWorker.java:146)
at org.testng.internal.TestMethodWorker.run(TestMethodWorker.java:128)
at java.base/java.util.ArrayList.forEach(ArrayList.java:1511)
at org.testng.TestRunner.privateRun(TestRunner.java:794)
at org.testng.TestRunner.run(TestRunner.java:596)
at org.testng.SuiteRunner.runTest(SuiteRunner.java:377)
at org.testng.SuiteRunner.runSequentially(SuiteRunner.java:371)
at org.testng.SuiteRunner.privateRun(SuiteRunner.java:332)
at org.testng.SuiteRunner.run(SuiteRunner.java:276)
at org.testng.SuiteRunnerWorker.runSuite(SuiteRunnerWorker.java:53)
at org.testng.SuiteRunnerWorker.run(SuiteRunnerWorker.java:96)
at org.testng.TestNG.runSuitesSequentially(TestNG.java:1212)
at org.testng.TestNG.runSuitesLocally(TestNG.java:1134)
at org.testng.TestNG.runSuites(TestNG.java:1063)
at org.testng.TestNG.run(TestNG.java:1031)
at org.testng.remote.AbstractRemoteTestNG.run(AbstractRemoteTestNG.java:115)
at org.testng.remote.RemoteTestNG.initAndRun(RemoteTestNG.java:251)
at org.testng.remote.RemoteTestNG.main(RemoteTestNG.java:77)
]]>
            </full-stacktrace>
          </exception> <!-- java.lang.AssertionError -->
          <reporter-output>
          </reporter-output>
        </test-method> <!-- deltemethodvalidation -->
        <test-method is-config="true" signature="teardown(org.testng.ITestResult)[pri:0, instance:FunctionalTesting.APIRequestAutomation@57d7f8ca]" started-at="2022-02-11T14:24:08 IST" name="teardown" finished-at="2022-02-11T14:24:08 IST" duration-ms="51" status="PASS">
          <params>
            <param index="0">
              <value>
                <![CDATA[[TestResult name=deltemethodvalidation status=FAILURE method=APIRequestAutomation.deltemethodvalidation()[pri:0, instance:FunctionalTesting.APIRequestAutomation@57d7f8ca] output={null}]]]>
              </value>
            </param>
          </params>
          <reporter-output>
          </reporter-output>
        </test-method> <!-- teardown -->
        <test-method is-config="true" signature="setup()[pri:0, instance:FunctionalTesting.APIRequestAutomation@57d7f8ca]" started-at="2022-02-11T14:24:08 IST" name="setup" finished-at="2022-02-11T14:24:08 IST" duration-ms="1" status="PASS">
          <reporter-output>
          </reporter-output>
        </test-method> <!-- setup -->
        <test-method signature="getmethodvalidation()[pri:0, instance:FunctionalTesting.APIRequestAutomation@57d7f8ca]" started-at="2022-02-11T14:24:08 IST" name="getmethodvalidation" finished-at="2022-02-11T14:24:09 IST" duration-ms="1056" status="PASS">
          <reporter-output>
          </reporter-output>
        </test-method> <!-- getmethodvalidation -->
        <test-method is-config="true" signature="teardown(org.testng.ITestResult)[pri:0, instance:FunctionalTesting.APIRequestAutomation@57d7f8ca]" started-at="2022-02-11T14:24:09 IST" name="teardown" finished-at="2022-02-11T14:24:09 IST" duration-ms="0" status="PASS">
          <params>
            <param index="0">
              <value>
                <![CDATA[[TestResult name=getmethodvalidation status=SUCCESS method=APIRequestAutomation.getmethodvalidation()[pri:0, instance:FunctionalTesting.APIRequestAutomation@57d7f8ca] output={null}]]]>
              </value>
            </param>
          </params>
          <reporter-output>
          </reporter-output>
        </test-method> <!-- teardown -->
        <test-method is-config="true" signature="setup()[pri:0, instance:FunctionalTesting.APIRequestAutomation@57d7f8ca]" started-at="2022-02-11T14:24:09 IST" name="setup" finished-at="2022-02-11T14:24:09 IST" duration-ms="1" status="PASS">
          <reporter-output>
          </reporter-output>
        </test-method> <!-- setup -->
        <test-method signature="postmethodvalidation()[pri:0, instance:FunctionalTesting.APIRequestAutomation@57d7f8ca]" started-at="2022-02-11T14:24:09 IST" name="postmethodvalidation" finished-at="2022-02-11T14:24:10 IST" duration-ms="939" status="PASS">
          <reporter-output>
          </reporter-output>
        </test-method> <!-- postmethodvalidation -->
        <test-method is-config="true" signature="teardown(org.testng.ITestResult)[pri:0, instance:FunctionalTesting.APIRequestAutomation@57d7f8ca]" started-at="2022-02-11T14:24:10 IST" name="teardown" finished-at="2022-02-11T14:24:10 IST" duration-ms="5" status="PASS">
          <params>
            <param index="0">
              <value>
                <![CDATA[[TestResult name=postmethodvalidation status=SUCCESS method=APIRequestAutomation.postmethodvalidation()[pri:0, instance:FunctionalTesting.APIRequestAutomation@57d7f8ca] output={null}]]]>
              </value>
            </param>
          </params>
          <reporter-output>
          </reporter-output>
        </test-method> <!-- teardown -->
        <test-method is-config="true" signature="setup()[pri:0, instance:FunctionalTesting.APIRequestAutomation@57d7f8ca]" started-at="2022-02-11T14:24:10 IST" name="setup" finished-at="2022-02-11T14:24:10 IST" duration-ms="1" status="PASS">
          <reporter-output>
          </reporter-output>
        </test-method> <!-- setup -->
        <test-method signature="putmethodvalidation()[pri:0, instance:FunctionalTesting.APIRequestAutomation@57d7f8ca]" started-at="2022-02-11T14:24:10 IST" name="putmethodvalidation" finished-at="2022-02-11T14:24:11 IST" duration-ms="1107" status="PASS">
          <reporter-output>
          </reporter-output>
        </test-method> <!-- putmethodvalidation -->
        <test-method is-config="true" signature="teardown(org.testng.ITestResult)[pri:0, instance:FunctionalTesting.APIRequestAutomation@57d7f8ca]" started-at="2022-02-11T14:24:11 IST" name="teardown" finished-at="2022-02-11T14:24:11 IST" duration-ms="1" status="PASS">
          <params>
            <param index="0">
              <value>
                <![CDATA[[TestResult name=putmethodvalidation status=SUCCESS method=APIRequestAutomation.putmethodvalidation()[pri:0, instance:FunctionalTesting.APIRequestAutomation@57d7f8ca] output={null}]]]>
              </value>
            </param>
          </params>
          <reporter-output>
          </reporter-output>
        </test-method> <!-- teardown -->
        <test-method is-config="true" signature="teardown()[pri:0, instance:FunctionalTesting.APIRequestAutomation@57d7f8ca]" started-at="2022-02-11T14:24:11 IST" name="teardown" finished-at="2022-02-11T14:24:12 IST" duration-ms="1105" status="PASS">
          <reporter-output>
          </reporter-output>
        </test-method> <!-- teardown -->
      </class> <!-- FunctionalTesting.APIRequestAutomation -->
    </test> <!-- Default test -->
  </suite> <!-- Default suite -->
</testng-results>
